<?xml version="1.0" encoding="UTF-8"?>
<!-- Generated by org.testng.reporters.JUnitReportReporter -->
<testsuite name="demoTestng.CBDemo" tests="2" time="51.610" ignored="0" failures="0" timestamp="08 Feb 2022 10:39:46 GMT" skipped="0" hostname="HEY-JOY" errors="0">
  <testcase name="tc" time="40.580" classname="demoTestng.CBDemo"/>
  <testcase name="tc" time="11.030" classname="demoTestng.CBDemo"/>
</testsuite> <!-- demoTestng.CBDemo -->
