<?xml version="1.0" encoding="UTF-8"?>
<!-- Generated by org.testng.reporters.JUnitReportReporter -->
<testsuite name="demoTestng.DemoP2" tests="3" time="0.010" ignored="0" failures="0" timestamp="07 Feb 2022 10:42:49 GMT" skipped="0" hostname="HEY-JOY" errors="0">
  <testcase name="tc_01" time="0.001" classname="demoTestng.DemoP2"/>
  <testcase name="tc_03" time="0.008" classname="demoTestng.DemoP2"/>
  <testcase name="tc_02" time="0.001" classname="demoTestng.DemoP2"/>
</testsuite> <!-- demoTestng.DemoP2 -->
