<?xml version="1.0" encoding="UTF-8"?>
<!-- Generated by org.testng.reporters.JUnitReportReporter -->
<testsuite name="demoTestng.DemoParameters" tests="6" time="0.024" ignored="1" failures="0" timestamp="07 Feb 2022 10:16:43 GMT" skipped="0" hostname="HEY-JOY" errors="0">
  <testcase name="tc_01" time="0.001" classname="demoTestng.DemoParameters"/>
  <testcase name="tc_03" time="0.002" classname="demoTestng.DemoParameters"/>
  <testcase name="tc_01" time="0.009" classname="demoTestng.DemoParameters"/>
  <testcase name="tc_01" time="0.003" classname="demoTestng.DemoParameters"/>
  <testcase name="tc_01" time="0.007" classname="demoTestng.DemoParameters"/>
  <testcase name="tc_01" time="0.002" classname="demoTestng.DemoParameters"/>
  <testcase name="tc_02" classname="demoTestng.DemoParameters">
    <skipped/>
  </testcase> <!-- tc_02 -->
</testsuite> <!-- demoTestng.DemoParameters -->
