<?xml version="1.0" encoding="UTF-8"?>
<!-- Generated by org.testng.reporters.JUnitReportReporter -->
<testsuite name="demoTestng.DemoPM" tests="2" time="74.480" ignored="0" failures="0" timestamp="08 Feb 2022 10:16:16 GMT" skipped="0" hostname="HEY-JOY" errors="0">
  <testcase name="facebook" time="37.240" classname="demoTestng.DemoPM"/>
  <testcase name="google" time="37.240" classname="demoTestng.DemoPM"/>
</testsuite> <!-- demoTestng.DemoPM -->
