<?xml version="1.0" encoding="UTF-8"?>
<!-- Generated by org.testng.reporters.JUnitReportReporter -->
<testsuite name="demoTestng.DemoAnnotations" tests="2" time="0.009" ignored="0" failures="0" timestamp="05 Feb 2022 05:55:41 GMT" skipped="0" hostname="HEY-JOY" errors="0">
  <testcase name="tc_02" time="0.003" classname="demoTestng.DemoAnnotations"/>
  <testcase name="tc_01" time="0.006" classname="demoTestng.DemoAnnotations"/>
</testsuite> <!-- demoTestng.DemoAnnotations -->
