<?xml version="1.0" encoding="UTF-8"?>
<!-- Generated by org.testng.reporters.JUnitReportReporter -->
<testsuite name="demoTestng.Demo" tests="2" time="30.868" ignored="0" failures="0" timestamp="05 Feb 2022 05:22:45 GMT" skipped="0" hostname="HEY-JOY" errors="0">
  <testcase name="tc1" time="15.040" classname="demoTestng.Demo"/>
  <testcase name="tc" time="15.828" classname="demoTestng.Demo"/>
</testsuite> <!-- demoTestng.Demo -->
