<?xml version="1.0" encoding="UTF-8"?>
<!-- Generated by org.testng.reporters.JUnitReportReporter -->
<testsuite name="demoTestng.P2" tests="1" time="37.477" ignored="0" failures="0" timestamp="08 Feb 2022 10:16:16 GMT" skipped="0" hostname="HEY-JOY" errors="0">
  <testcase name="tc" time="37.477" classname="demoTestng.P2"/>
</testsuite> <!-- demoTestng.P2 -->
