<?xml version="1.0" encoding="UTF-8"?>
<!-- Generated by org.testng.reporters.JUnitReportReporter -->
<testsuite name="demoTestng.DemoDP" tests="3" time="0.016" ignored="0" failures="0" timestamp="09 Feb 2022 10:28:55 GMT" skipped="0" hostname="HEY-JOY" errors="0">
  <testcase name="tc" time="0.014" classname="demoTestng.DemoDP"/>
  <testcase name="tc" time="0.001" classname="demoTestng.DemoDP"/>
  <testcase name="tc" time="0.001" classname="demoTestng.DemoDP"/>
</testsuite> <!-- demoTestng.DemoDP -->
