<?xml version="1.0" encoding="UTF-8"?>
<!-- Generated by org.testng.reporters.JUnitReportReporter -->
<testsuite name="demoTestng.Dempp" tests="4" time="53.390" ignored="0" failures="0" timestamp="09 Feb 2022 11:06:24 GMT" skipped="0" hostname="HEY-JOY" errors="0">
  <testcase name="tc" time="16.398" classname="demoTestng.Dempp"/>
  <testcase name="tc" time="12.334" classname="demoTestng.Dempp"/>
  <testcase name="tc" time="12.072" classname="demoTestng.Dempp"/>
  <testcase name="tc" time="12.586" classname="demoTestng.Dempp"/>
</testsuite> <!-- demoTestng.Dempp -->
